<?xml version="1.0" encoding="UTF-8"?>
<testsuite xmlns:xsi="http://www.w3.org/2001/XMLSchema-instance" xsi:noNamespaceSchemaLocation="https://maven.apache.org/surefire/maven-surefire-plugin/xsd/surefire-test-report-3.0.xsd" version="3.0" name="ca.sfu.cmpt745.ex06.checker.KittenCheckerTests" time="32.193" tests="12" errors="0" skipped="0" failures="0">
  <properties>
[...]
</properties>
  <testcase name="multipleScenariosTogether" classname="ca.sfu.cmpt745.ex06.checker.KittenCheckerTests" time="9.413">
    <system-out><![CDATA[Soot started on Thu Aug 07 16:08:33 PDT 2025
Implement your analysis here.
Implement your analysis here.
Error on r5 at 18
running -> sleeping

Soot finished on Thu Aug 07 16:08:41 PDT 2025
Soot has run for 0 min. 8 sec.
]]></system-out>
    <system-err><![CDATA[SLF4J(W): No SLF4J providers were found.
SLF4J(W): Defaulting to no-operation (NOP) logger implementation
SLF4J(W): See https://www.slf4j.org/codes.html#noProviders for further details.
]]></system-err>
  </testcase>
  <testcase name="basicErrors" classname="ca.sfu.cmpt745.ex06.checker.KittenCheckerTests" time="2.203">
    <system-out><![CDATA[Soot started on Thu Aug 07 16:08:41 PDT 2025
Implement your analysis here.
Implement your analysis here.
Error on $r0 at 12
running -> sleeping

Soot finished on Thu Aug 07 16:08:43 PDT 2025
Soot has run for 0 min. 2 sec.
]]></system-out>
  </testcase>
  <testcase name="multipleDistinctErrors" classname="ca.sfu.cmpt745.ex06.checker.KittenCheckerTests" time="2.902">
    <system-out><![CDATA[Soot started on Thu Aug 07 16:08:43 PDT 2025
Implement your analysis here.
Implement your analysis here.
Error on $r3 at 42
sleeping -> playing

Error on $r1 at 51
playing -> plotting

Soot finished on Thu Aug 07 16:08:46 PDT 2025
Soot has run for 0 min. 2 sec.
]]></system-out>
  </testcase>
  <testcase name="propagationError" classname="ca.sfu.cmpt745.ex06.checker.KittenCheckerTests" time="2.102">
    <system-out><![CDATA[Soot started on Thu Aug 07 16:08:46 PDT 2025
Implement your analysis here.
Implement your analysis here.
Error on $r0 at 14
running -> sleeping

Soot finished on Thu Aug 07 16:08:48 PDT 2025
Soot has run for 0 min. 2 sec.
]]></system-out>
  </testcase>
  <testcase name="branchingCorrectness" classname="ca.sfu.cmpt745.ex06.checker.KittenCheckerTests" time="2.701">
    <system-out><![CDATA[Soot started on Thu Aug 07 16:08:48 PDT 2025
Implement your analysis here.
Implement your analysis here.
Soot finished on Thu Aug 07 16:08:51 PDT 2025
Soot has run for 0 min. 2 sec.
]]></system-out>
  </testcase>
  <testcase name="propagationCorrectness" classname="ca.sfu.cmpt745.ex06.checker.KittenCheckerTests" time="1.805">
    <system-out><![CDATA[Soot started on Thu Aug 07 16:08:51 PDT 2025
Implement your analysis here.
Implement your analysis here.
Soot finished on Thu Aug 07 16:08:53 PDT 2025
Soot has run for 0 min. 1 sec.
]]></system-out>
  </testcase>
  <testcase name="multipleIndependentStates" classname="ca.sfu.cmpt745.ex06.checker.KittenCheckerTests" time="2.595">
    <system-out><![CDATA[Soot started on Thu Aug 07 16:08:53 PDT 2025
Implement your analysis here.
Implement your analysis here.
Error on $r1 at 28
playing -> plotting

Soot finished on Thu Aug 07 16:08:56 PDT 2025
Soot has run for 0 min. 2 sec.
]]></system-out>
  </testcase>
  <testcase name="loopError" classname="ca.sfu.cmpt745.ex06.checker.KittenCheckerTests" time="1.999">
    <system-out><![CDATA[Soot started on Thu Aug 07 16:08:56 PDT 2025
Implement your analysis here.
Implement your analysis here.
Error on $r2 at 12
eating -> plotting

Soot finished on Thu Aug 07 16:08:58 PDT 2025
Soot has run for 0 min. 1 sec.
]]></system-out>
  </testcase>
  <testcase name="mergingWithMultipleVariables" classname="ca.sfu.cmpt745.ex06.checker.KittenCheckerTests" time="2.007">
    <system-out><![CDATA[Soot started on Thu Aug 07 16:08:58 PDT 2025
Implement your analysis here.
Implement your analysis here.
Error on $r1 at 31
playing -> plotting

Soot finished on Thu Aug 07 16:09:00 PDT 2025
Soot has run for 0 min. 2 sec.
]]></system-out>
  </testcase>
  <testcase name="branchingError" classname="ca.sfu.cmpt745.ex06.checker.KittenCheckerTests" time="1.104">
    <system-out><![CDATA[Soot started on Thu Aug 07 16:09:00 PDT 2025
Implement your analysis here.
Implement your analysis here.
Error on $r0 at 14
running -> sleeping

Soot finished on Thu Aug 07 16:09:01 PDT 2025
Soot has run for 0 min. 1 sec.
]]></system-out>
  </testcase>
  <testcase name="loopCorrectness" classname="ca.sfu.cmpt745.ex06.checker.KittenCheckerTests" time="1.398">
    <system-out><![CDATA[Soot started on Thu Aug 07 16:09:01 PDT 2025
Implement your analysis here.
Implement your analysis here.
Soot finished on Thu Aug 07 16:09:02 PDT 2025
Soot has run for 0 min. 1 sec.
]]></system-out>
  </testcase>
  <testcase name="basicCorrectness" classname="ca.sfu.cmpt745.ex06.checker.KittenCheckerTests" time="1.295">
    <system-out><![CDATA[Soot started on Thu Aug 07 16:09:02 PDT 2025
Implement your analysis here.
Implement your analysis here.
Soot finished on Thu Aug 07 16:09:04 PDT 2025
Soot has run for 0 min. 1 sec.
]]></system-out>
  </testcase>
</testsuite>